<?xml version="1.0" encoding="UTF-8"?>
<!-- Generated by org.testng.reporters.JUnitXMLReporter -->
<testsuite hostname="Sandeep" name="Test" tests="1" failures="1" timestamp="1 Feb 2022 11:05:49 GMT" time="41.537" errors="0">
  <testcase name="test" time="5.761" classname="test_scripts.LoginTestScript">
    <failure type="java.lang.AssertionError" message="null">
      <![CDATA[java.lang.AssertionError: null
	at test_scripts.LoginTestScript.test(LoginTestScript.java:25)
... Removed 26 stack frames]]>
    </failure>
  </testcase> <!-- test -->
</testsuite> <!-- Test -->
