<?xml version="1.0" encoding="UTF-8"?>
<!-- Generated by org.testng.reporters.JUnitXMLReporter -->
<testsuite hostname="Sandeep" ignored="0" name="Test" tests="1" failures="1" timestamp="2022-02-02T16:51:43 IST" time="44.808" errors="0">
  <testcase name="test" time="0.297" classname="test_scripts.LoginTestScript">
    <failure type="java.io.IOException" message="Your InputStream was neither an OLE2 stream, nor an OOXML stream or you haven&amp;apos;t provide the poi-ooxml*.jar in the classpath/modulepath - FileMagic: OOXML, having providers: [org.apache.poi.hssf.usermodel.HSSFWorkbookFactory@27d5a580]">
      <![CDATA[java.io.IOException: Your InputStream was neither an OLE2 stream, nor an OOXML stream or you haven't provide the poi-ooxml*.jar in the classpath/modulepath - FileMagic: OOXML, having providers: [org.apache.poi.hssf.usermodel.HSSFWorkbookFactory@27d5a580]
at org.apache.poi.ss.usermodel.WorkbookFactory.wp(WorkbookFactory.java:300)
at org.apache.poi.ss.usermodel.WorkbookFactory.create(WorkbookFactory.java:199)
at org.apache.poi.ss.usermodel.WorkbookFactory.create(WorkbookFactory.java:163)
at generic.Generic_readexcel.getData(Generic_readexcel.java:17)
at test_scripts.LoginTestScript.test(LoginTestScript.java:18)
at java.util.ArrayList.forEach(Unknown Source)
... Removed 31 stack frames]]>
    </failure>
  </testcase> <!-- test -->
</testsuite> <!-- Test -->
