<?xml version="1.0" encoding="UTF-8"?>
<testsuite xmlns:xsi="http://www.w3.org/2001/XMLSchema-instance" xsi:noNamespaceSchemaLocation="https://maven.apache.org/surefire/maven-surefire-plugin/xsd/surefire-test-report-3.0.xsd" version="3.0" name="TestSuite" time="49.79" tests="1" errors="0" skipped="0" failures="1">
  <properties>
[...]
</properties>
  <testcase name="test" classname="test_scripts.LoginTestScript" time="0.25">
    <failure message="Your InputStream was neither an OLE2 stream, nor an OOXML stream or you haven&apos;t provide the poi-ooxml*.jar in the classpath/modulepath - FileMagic: OOXML, having providers: [org.apache.poi.hssf.usermodel.HSSFWorkbookFactory@27d5a580]" type="java.io.IOException"><![CDATA[java.io.IOException: Your InputStream was neither an OLE2 stream, nor an OOXML stream or you haven't provide the poi-ooxml*.jar in the classpath/modulepath - FileMagic: OOXML, having providers: [org.apache.poi.hssf.usermodel.HSSFWorkbookFactory@27d5a580]
	at test_scripts.LoginTestScript.test(LoginTestScript.java:18)
]]></failure>
    <system-err><![CDATA[SLF4J: Failed to load class "org.slf4j.impl.StaticLoggerBinder".
SLF4J: Defaulting to no-operation (NOP) logger implementation
SLF4J: See http://www.slf4j.org/codes.html#StaticLoggerBinder for further details.
1643800866937	geckodriver	INFO	Listening on 127.0.0.1:6133
1643800868428	mozrunner::runner	INFO	Running command: "C:\\Program Files\\Mozilla Firefox\\firefox.exe" "--marionette" "-no-remote" "-profile" "C:\\Users\\sandeep\\AppData\\Local\\Temp\\rust_mozprofile4fQTQm"
1643800872410	Marionette	INFO	Marionette enabled
console.warn: SearchSettings: "get: No settings file exists, new profile?" (new NotFoundError("Could not open the file at C:\\Users\\sandeep\\AppData\\Local\\Temp\\rust_mozprofile4fQTQm\\search.json.mozlz4", (void 0)))
1643800888420	Marionette	INFO	Listening on port 55656
1643800888933	RemoteAgent	WARN	TLS certificate errors will be ignored for this session
Feb 02, 2022 4:51:29 PM org.openqa.selenium.remote.ProtocolHandshake createSession
INFO: Detected dialect: W3C
]]></system-err>
  </testcase>
</testsuite>